Using pre-set license
Built from '2020.3/staging' branch; Version is '2020.3.3f1 (76626098c1c4) revision 7758432'; Using compiler version '192528614'; Build Type 'Release'
OS: 'Windows 10 Pro; OS build 19042.1165; Version 2009; 64bit' Language: 'ko' Physical Memory: 16274 MB
BatchMode: 1, IsHumanControllingUs: 0, StartBugReporterOnCrash: 0, Is64bit: 1, IsPro: 0

 COMMAND LINE ARGUMENTS:
C:\Program Files\Unity\Hub\Editor\2020.3.3f1\Editor\Unity.exe
-adb2
-batchMode
-noUpm
-name
AssetImportWorker0
-projectPath
C:/UnityHomework/an/minwoo/New Unity Project
-logFile
Logs/AssetImportWorker0.log
-srvPort
50687
Successfully changed project path to: C:/UnityHomework/an/minwoo/New Unity Project
C:/UnityHomework/an/minwoo/New Unity Project
Using Asset Import Pipeline V2.
Refreshing native plugins compatible for Editor in 53.86 ms, found 1 plugins.
Preloading 0 native plugins for Editor in 0.00 ms.
Initialize engine version: 2020.3.3f1 (76626098c1c4)
[Subsystems] Discovering subsystems at path C:/Program Files/Unity/Hub/Editor/2020.3.3f1/Editor/Data/Resources/UnitySubsystems
[Subsystems] Discovering subsystems at path C:/UnityHomework/an/minwoo/New Unity Project/Assets
GfxDevice: creating device client; threaded=0
Direct3D:
    Version:  Direct3D 11.0 [level 11.1]
    Renderer: Intel(R) UHD Graphics 630 (ID=0x3e9b)
    Vendor:   
    VRAM:     8137 MB
    Driver:   30.0.100.9805
Initialize mono
Mono path[0] = 'C:/Program Files/Unity/Hub/Editor/2020.3.3f1/Editor/Data/Managed'
Mono path[1] = 'C:/Program Files/Unity/Hub/Editor/2020.3.3f1/Editor/Data/MonoBleedingEdge/lib/mono/unityjit'
Mono config path = 'C:/Program Files/Unity/Hub/Editor/2020.3.3f1/Editor/Data/MonoBleedingEdge/etc'
Using monoOptions --debugger-agent=transport=dt_socket,embedding=1,server=y,suspend=n,address=127.0.0.1:56384
Begin MonoManager ReloadAssembly
Registering precompiled unity dll's ...
Register platform support module: C:/Program Files/Unity/Hub/Editor/2020.3.3f1/Editor/Data/PlaybackEngines/WindowsStandaloneSupport/UnityEditor.WindowsStandalone.Extensions.dll
Registered in 0.007181 seconds.
Native extension for WindowsStandalone target not found
Refreshing native plugins compatible for Editor in 37.78 ms, found 1 plugins.
Preloading 0 native plugins for Editor in 0.00 ms.
Invoked RoslynAnalysisRunner static constructor.
RoslynAnalysisRunner will not be running.
RoslynAnalysisRunner has terminated.
Mono: successfully reloaded assembly
- Completed reload, in  1.462 seconds
Platform modules already initialized, skipping
Registering precompiled user dll's ...
Registered in 0.003481 seconds.
Begin MonoManager ReloadAssembly
Native extension for WindowsStandalone target not found
Refreshing native plugins compatible for Editor in 37.11 ms, found 1 plugins.
Preloading 0 native plugins for Editor in 0.00 ms.
Invoked RoslynAnalysisRunner static constructor.
RoslynAnalysisRunner will not be running.
RoslynAnalysisRunner has terminated.
Mono: successfully reloaded assembly
- Completed reload, in  1.210 seconds
Platform modules already initialized, skipping
========================================================================
Worker process is ready to serve import requests
Launched and connected shader compiler UnityShaderCompiler.exe after 0.09 seconds
Refreshing native plugins compatible for Editor in 0.30 ms, found 1 plugins.
Preloading 0 native plugins for Editor in 0.00 ms.
Unloading 1808 Unused Serialized files (Serialized files now loaded: 0)
System memory in use before: 87.3 MB.
System memory in use after: 87.4 MB.

Unloading 19 unused Assets to reduce memory usage. Loaded Objects now: 2255.
Total: 2.490900 ms (FindLiveObjects: 0.133800 ms CreateObjectMapping: 0.119200 ms MarkObjects: 2.146900 ms  DeleteObjects: 0.089900 ms)

========================================================================
Received Import Request.
  path: Assets/Prefabs/Canvas.prefab
  artifactKey: Guid(3c993a94a84253f46a2e8ffcab9c906b) Importer(815301076,1909f56bfc062723c751e8b465ee728b)
Start importing Assets/Prefabs/Canvas.prefab using Guid(3c993a94a84253f46a2e8ffcab9c906b) Importer(815301076,1909f56bfc062723c751e8b465ee728b)  -> (artifact id: 'e76a48fce6524f7b9d466f5fe834c566') in 0.109724 seconds
  Import took 0.114289 seconds .

========================================================================
Received Import Request.
  Time since last request: 0.000551 seconds.
  path: Assets/Prefabs/Canvas.prefab
  artifactKey: Guid(3c993a94a84253f46a2e8ffcab9c906b) Importer(815301076,1909f56bfc062723c751e8b465ee728b)
Start importing Assets/Prefabs/Canvas.prefab using Guid(3c993a94a84253f46a2e8ffcab9c906b) Importer(815301076,1909f56bfc062723c751e8b465ee728b)  -> (artifact id: 'e76a48fce6524f7b9d466f5fe834c566') in 0.007175 seconds
  Import took 0.011474 seconds .

========================================================================
Received Import Request.
  Time since last request: 0.000522 seconds.
  path: Assets/Prefabs/Lee_dgrm.prefab
  artifactKey: Guid(2b3153ecb27cc874aab7ed44bf140ab9) Importer(815301076,1909f56bfc062723c751e8b465ee728b)
Start importing Assets/Prefabs/Lee_dgrm.prefab using Guid(2b3153ecb27cc874aab7ed44bf140ab9) Importer(815301076,1909f56bfc062723c751e8b465ee728b)  -> (artifact id: '50a69101619330ba1f7f32d793586ebe') in 0.080606 seconds
  Import took 0.083799 seconds .

========================================================================
Received Import Request.
  Time since last request: 13.866801 seconds.
  path: Assets/Scenes
  artifactKey: Guid(64085d482f54fe14d9e410885cf45895) Importer(815301076,1909f56bfc062723c751e8b465ee728b)
Start importing Assets/Scenes using Guid(64085d482f54fe14d9e410885cf45895) Importer(815301076,1909f56bfc062723c751e8b465ee728b)  -> (artifact id: '455b0af7b59b5e295a00f750537acf8e') in 0.010657 seconds
  Import took 0.014292 seconds .

========================================================================
Received Import Request.
  Time since last request: 12.128756 seconds.
  path: Assets/Scenes/Demo_Lee.unity
  artifactKey: Guid(60b810e695e4efb48aa3e22f8b27049e) Importer(815301076,1909f56bfc062723c751e8b465ee728b)
Start importing Assets/Scenes/Demo_Lee.unity using Guid(60b810e695e4efb48aa3e22f8b27049e) Importer(815301076,1909f56bfc062723c751e8b465ee728b)  -> (artifact id: '905b0a82161aff28d0a9075049df55e0') in 0.010884 seconds
  Import took 0.016017 seconds .

========================================================================
Received Import Request.
  Time since last request: 9.723835 seconds.
  path: Assets/Prefabs
  artifactKey: Guid(44333dcaa37ca6b41bd2945373b4dbae) Importer(815301076,1909f56bfc062723c751e8b465ee728b)
Start importing Assets/Prefabs using Guid(44333dcaa37ca6b41bd2945373b4dbae) Importer(815301076,1909f56bfc062723c751e8b465ee728b)  -> (artifact id: 'f25e2cea2e06a048bc3a90aadf0f4207') in 0.005254 seconds
  Import took 0.009183 seconds .

AssetImportWorkerClient::OnTransportError - code=2 error=End of file
